12 17, 2017 6:15:51 Χ΋ org.apache.catalina.startup.VersionLoggerListener log
INFO: Server version:        Apache Tomcat/7.0.82
12 17, 2017 6:15:51 Χ΋ org.apache.catalina.startup.VersionLoggerListener log
INFO: Server built:          Sep 29 2017 12:23:15 UTC
12 17, 2017 6:15:51 Χ΋ org.apache.catalina.startup.VersionLoggerListener log
INFO: Server number:         7.0.82.0
12 17, 2017 6:15:51 Χ΋ org.apache.catalina.startup.VersionLoggerListener log
INFO: OS Name:               Windows 8.1
12 17, 2017 6:15:51 Χ΋ org.apache.catalina.startup.VersionLoggerListener log
INFO: OS Version:            6.3
12 17, 2017 6:15:51 Χ΋ org.apache.catalina.startup.VersionLoggerListener log
INFO: Architecture:          amd64
12 17, 2017 6:15:51 Χ΋ org.apache.catalina.startup.VersionLoggerListener log
INFO: Java Home:             C:\Program Files\Java\jdk1.8.0_11\jre
12 17, 2017 6:15:51 Χ΋ org.apache.catalina.startup.VersionLoggerListener log
INFO: JVM Version:           1.8.0_11-b12
12 17, 2017 6:15:51 Χ΋ org.apache.catalina.startup.VersionLoggerListener log
INFO: JVM Vendor:            Oracle Corporation
12 17, 2017 6:15:51 Χ΋ org.apache.catalina.startup.VersionLoggerListener log
INFO: CATALINA_BASE:         C:/Users/Mantas/Desktop/tomcat/apache-tomcat-7.0.82-windows-x64/apache-tomcat-7.0.82
12 17, 2017 6:15:51 Χ΋ org.apache.catalina.startup.VersionLoggerListener log
INFO: CATALINA_HOME:         C:/Users/Mantas/Desktop/tomcat/apache-tomcat-7.0.82-windows-x64/apache-tomcat-7.0.82
12 17, 2017 6:15:51 Χ΋ org.apache.catalina.startup.VersionLoggerListener log
INFO: Command line argument: -Djava.util.logging.config.file=C:/Users/Mantas/Desktop/tomcat/apache-tomcat-7.0.82-windows-x64/apache-tomcat-7.0.82/conf/logging.properties
12 17, 2017 6:15:51 Χ΋ org.apache.catalina.startup.VersionLoggerListener log
INFO: Command line argument: -Djava.util.logging.manager=org.apache.juli.ClassLoaderLogManager
12 17, 2017 6:15:51 Χ΋ org.apache.catalina.startup.VersionLoggerListener log
INFO: Command line argument: -Djdk.tls.ephemeralDHKeySize=2048
12 17, 2017 6:15:51 Χ΋ org.apache.catalina.startup.VersionLoggerListener log
INFO: Command line argument: -Djava.endorsed.dirs=C:/Users/Mantas/Desktop/tomcat/apache-tomcat-7.0.82-windows-x64/apache-tomcat-7.0.82/endorsed
12 17, 2017 6:15:51 Χ΋ org.apache.catalina.startup.VersionLoggerListener log
INFO: Command line argument: -Dcatalina.base=C:/Users/Mantas/Desktop/tomcat/apache-tomcat-7.0.82-windows-x64/apache-tomcat-7.0.82
12 17, 2017 6:15:51 Χ΋ org.apache.catalina.startup.VersionLoggerListener log
INFO: Command line argument: -Dcatalina.home=C:/Users/Mantas/Desktop/tomcat/apache-tomcat-7.0.82-windows-x64/apache-tomcat-7.0.82
12 17, 2017 6:15:51 Χ΋ org.apache.catalina.startup.VersionLoggerListener log
INFO: Command line argument: -Djava.io.tmpdir=C:/Users/Mantas/Desktop/tomcat/apache-tomcat-7.0.82-windows-x64/apache-tomcat-7.0.82/temp
12 17, 2017 6:15:51 Χ΋ org.apache.catalina.core.AprLifecycleListener lifecycleEvent
INFO: Loaded APR based Apache Tomcat Native library 1.2.14 using APR version 1.6.2.
12 17, 2017 6:15:51 Χ΋ org.apache.catalina.core.AprLifecycleListener lifecycleEvent
INFO: APR capabilities: IPv6 [true], sendfile [true], accept filters [false], random [true].
12 17, 2017 6:15:51 Χ΋ org.apache.catalina.core.AprLifecycleListener initializeSSL
INFO: OpenSSL successfully initialized (OpenSSL 1.0.2l  25 May 2017)
12 17, 2017 6:15:52 Χ΋ org.apache.coyote.AbstractProtocol init
INFO: Initializing ProtocolHandler ["http-apr-8080"]
12 17, 2017 6:15:52 Χ΋ org.apache.coyote.AbstractProtocol init
INFO: Initializing ProtocolHandler ["ajp-apr-8009"]
12 17, 2017 6:15:52 Χ΋ org.apache.catalina.startup.Catalina load
INFO: Initialization processed in 1309 ms
12 17, 2017 6:15:52 Χ΋ org.apache.catalina.core.StandardService startInternal
INFO: Starting service Catalina
12 17, 2017 6:15:52 Χ΋ org.apache.catalina.core.StandardEngine startInternal
INFO: Starting Servlet Engine: Apache Tomcat/7.0.82
12 17, 2017 6:15:52 Χ΋ org.apache.catalina.startup.HostConfig deployDirectory
INFO: Deploying web application directory C:\Users\Mantas\Desktop\tomcat\apache-tomcat-7.0.82-windows-x64\apache-tomcat-7.0.82\webapps\docs
12 17, 2017 6:15:52 Χ΋ org.apache.catalina.startup.HostConfig deployDirectory
INFO: Deployment of web application directory C:\Users\Mantas\Desktop\tomcat\apache-tomcat-7.0.82-windows-x64\apache-tomcat-7.0.82\webapps\docs has finished in 330 ms
12 17, 2017 6:15:52 Χ΋ org.apache.catalina.startup.HostConfig deployDirectory
INFO: Deploying web application directory C:\Users\Mantas\Desktop\tomcat\apache-tomcat-7.0.82-windows-x64\apache-tomcat-7.0.82\webapps\examples
12 17, 2017 6:15:52 Χ΋ org.apache.catalina.startup.HostConfig deployDirectory
INFO: Deployment of web application directory C:\Users\Mantas\Desktop\tomcat\apache-tomcat-7.0.82-windows-x64\apache-tomcat-7.0.82\webapps\examples has finished in 247 ms
12 17, 2017 6:15:52 Χ΋ org.apache.catalina.startup.HostConfig deployDirectory
INFO: Deploying web application directory C:\Users\Mantas\Desktop\tomcat\apache-tomcat-7.0.82-windows-x64\apache-tomcat-7.0.82\webapps\host-manager
12 17, 2017 6:15:52 Χ΋ org.apache.catalina.startup.HostConfig deployDirectory
INFO: Deployment of web application directory C:\Users\Mantas\Desktop\tomcat\apache-tomcat-7.0.82-windows-x64\apache-tomcat-7.0.82\webapps\host-manager has finished in 134 ms
12 17, 2017 6:15:52 Χ΋ org.apache.catalina.startup.HostConfig deployDirectory
INFO: Deploying web application directory C:\Users\Mantas\Desktop\tomcat\apache-tomcat-7.0.82-windows-x64\apache-tomcat-7.0.82\webapps\manager
12 17, 2017 6:15:52 Χ΋ org.apache.catalina.startup.HostConfig deployDirectory
INFO: Deployment of web application directory C:\Users\Mantas\Desktop\tomcat\apache-tomcat-7.0.82-windows-x64\apache-tomcat-7.0.82\webapps\manager has finished in 59 ms
12 17, 2017 6:15:52 Χ΋ org.apache.catalina.startup.HostConfig deployDirectory
INFO: Deploying web application directory C:\Users\Mantas\Desktop\tomcat\apache-tomcat-7.0.82-windows-x64\apache-tomcat-7.0.82\webapps\ROOT
12 17, 2017 6:15:52 Χ΋ org.apache.catalina.startup.HostConfig deployDirectory
INFO: Deployment of web application directory C:\Users\Mantas\Desktop\tomcat\apache-tomcat-7.0.82-windows-x64\apache-tomcat-7.0.82\webapps\ROOT has finished in 34 ms
12 17, 2017 6:15:52 Χ΋ org.apache.coyote.AbstractProtocol start
INFO: Starting ProtocolHandler ["http-apr-8080"]
12 17, 2017 6:15:52 Χ΋ org.apache.coyote.AbstractProtocol start
INFO: Starting ProtocolHandler ["ajp-apr-8009"]
12 17, 2017 6:15:52 Χ΋ org.apache.catalina.startup.Catalina start
INFO: Server startup in 855 ms
12 17, 2017 6:20:28 Χ΋ org.apache.catalina.realm.LockOutRealm filterLockedAccounts
WARNING: An attempt was made to authenticate the locked user "tomcat"
12 17, 2017 6:20:31 Χ΋ org.apache.catalina.realm.LockOutRealm filterLockedAccounts
WARNING: An attempt was made to authenticate the locked user ""
12 17, 2017 6:20:32 Χ΋ org.apache.catalina.realm.LockOutRealm filterLockedAccounts
WARNING: An attempt was made to authenticate the locked user ""
12 17, 2017 6:20:32 Χ΋ org.apache.catalina.realm.LockOutRealm filterLockedAccounts
WARNING: An attempt was made to authenticate the locked user ""
12 17, 2017 6:20:32 Χ΋ org.apache.catalina.realm.LockOutRealm filterLockedAccounts
WARNING: An attempt was made to authenticate the locked user ""
12 17, 2017 6:21:15 Χ΋ org.apache.catalina.realm.LockOutRealm filterLockedAccounts
WARNING: An attempt was made to authenticate the locked user "tomcat"
12 17, 2017 6:22:09 Χ΋ org.apache.catalina.realm.LockOutRealm filterLockedAccounts
WARNING: An attempt was made to authenticate the locked user "tomcat"
12 17, 2017 6:22:12 Χ΋ org.apache.catalina.realm.LockOutRealm filterLockedAccounts
WARNING: An attempt was made to authenticate the locked user "tomcat"
12 17, 2017 6:22:35 Χ΋ org.apache.catalina.realm.LockOutRealm filterLockedAccounts
WARNING: An attempt was made to authenticate the locked user "tomcat"
12 17, 2017 6:22:52 Χ΋ org.apache.catalina.realm.LockOutRealm filterLockedAccounts
WARNING: An attempt was made to authenticate the locked user "tomcat"
12 17, 2017 6:24:09 Χ΋ org.apache.catalina.realm.LockOutRealm filterLockedAccounts
WARNING: An attempt was made to authenticate the locked user "tomcat"
12 17, 2017 6:24:16 Χ΋ org.apache.catalina.realm.LockOutRealm filterLockedAccounts
WARNING: An attempt was made to authenticate the locked user "tomcat"
12 17, 2017 6:24:24 Χ΋ org.apache.catalina.realm.LockOutRealm filterLockedAccounts
WARNING: An attempt was made to authenticate the locked user "tomcat"
12 17, 2017 6:24:31 Χ΋ org.apache.catalina.realm.LockOutRealm filterLockedAccounts
WARNING: An attempt was made to authenticate the locked user "tomcat"
12 17, 2017 6:27:06 Χ΋ org.apache.catalina.realm.LockOutRealm filterLockedAccounts
WARNING: An attempt was made to authenticate the locked user "tomcat"
12 17, 2017 6:27:07 Χ΋ org.apache.catalina.realm.LockOutRealm filterLockedAccounts
WARNING: An attempt was made to authenticate the locked user ""
12 17, 2017 6:27:07 Χ΋ org.apache.catalina.realm.LockOutRealm filterLockedAccounts
WARNING: An attempt was made to authenticate the locked user ""
12 17, 2017 6:27:08 Χ΋ org.apache.catalina.realm.LockOutRealm filterLockedAccounts
WARNING: An attempt was made to authenticate the locked user ""
12 17, 2017 6:27:08 Χ΋ org.apache.catalina.realm.LockOutRealm filterLockedAccounts
WARNING: An attempt was made to authenticate the locked user ""
12 17, 2017 6:27:08 Χ΋ org.apache.catalina.realm.LockOutRealm filterLockedAccounts
WARNING: An attempt was made to authenticate the locked user ""
12 17, 2017 6:27:08 Χ΋ org.apache.catalina.realm.LockOutRealm filterLockedAccounts
WARNING: An attempt was made to authenticate the locked user ""
12 17, 2017 6:27:08 Χ΋ org.apache.catalina.realm.LockOutRealm filterLockedAccounts
WARNING: An attempt was made to authenticate the locked user ""
12 17, 2017 6:27:08 Χ΋ org.apache.catalina.realm.LockOutRealm filterLockedAccounts
WARNING: An attempt was made to authenticate the locked user ""
12 17, 2017 6:27:09 Χ΋ org.apache.catalina.realm.LockOutRealm filterLockedAccounts
WARNING: An attempt was made to authenticate the locked user ""
12 17, 2017 6:27:09 Χ΋ org.apache.catalina.realm.LockOutRealm filterLockedAccounts
WARNING: An attempt was made to authenticate the locked user ""
12 17, 2017 6:27:09 Χ΋ org.apache.catalina.realm.LockOutRealm filterLockedAccounts
WARNING: An attempt was made to authenticate the locked user ""
12 17, 2017 6:27:09 Χ΋ org.apache.catalina.realm.LockOutRealm filterLockedAccounts
WARNING: An attempt was made to authenticate the locked user ""
12 17, 2017 6:30:51 Χ΋ org.apache.catalina.core.StandardServer await
INFO: A valid shutdown command was received via the shutdown port. Stopping the Server instance.
12 17, 2017 6:30:51 Χ΋ org.apache.coyote.AbstractProtocol pause
INFO: Pausing ProtocolHandler ["http-apr-8080"]
12 17, 2017 6:30:51 Χ΋ org.apache.coyote.AbstractProtocol pause
INFO: Pausing ProtocolHandler ["ajp-apr-8009"]
12 17, 2017 6:30:51 Χ΋ org.apache.catalina.core.StandardService stopInternal
INFO: Stopping service Catalina
12 17, 2017 6:30:51 Χ΋ org.apache.coyote.AbstractProtocol stop
INFO: Stopping ProtocolHandler ["http-apr-8080"]
12 17, 2017 6:30:51 Χ΋ org.apache.coyote.AbstractProtocol stop
INFO: Stopping ProtocolHandler ["ajp-apr-8009"]
12 17, 2017 6:30:51 Χ΋ org.apache.coyote.AbstractProtocol destroy
INFO: Destroying ProtocolHandler ["http-apr-8080"]
12 17, 2017 6:30:51 Χ΋ org.apache.coyote.AbstractProtocol destroy
INFO: Destroying ProtocolHandler ["ajp-apr-8009"]
12 17, 2017 6:30:59 Χ΋ org.apache.catalina.startup.VersionLoggerListener log
INFO: Server version:        Apache Tomcat/7.0.82
12 17, 2017 6:30:59 Χ΋ org.apache.catalina.startup.VersionLoggerListener log
INFO: Server built:          Sep 29 2017 12:23:15 UTC
12 17, 2017 6:30:59 Χ΋ org.apache.catalina.startup.VersionLoggerListener log
INFO: Server number:         7.0.82.0
12 17, 2017 6:30:59 Χ΋ org.apache.catalina.startup.VersionLoggerListener log
INFO: OS Name:               Windows 8.1
12 17, 2017 6:30:59 Χ΋ org.apache.catalina.startup.VersionLoggerListener log
INFO: OS Version:            6.3
12 17, 2017 6:30:59 Χ΋ org.apache.catalina.startup.VersionLoggerListener log
INFO: Architecture:          amd64
12 17, 2017 6:30:59 Χ΋ org.apache.catalina.startup.VersionLoggerListener log
INFO: Java Home:             C:\Program Files\Java\jdk1.8.0_11\jre
12 17, 2017 6:30:59 Χ΋ org.apache.catalina.startup.VersionLoggerListener log
INFO: JVM Version:           1.8.0_11-b12
12 17, 2017 6:30:59 Χ΋ org.apache.catalina.startup.VersionLoggerListener log
INFO: JVM Vendor:            Oracle Corporation
12 17, 2017 6:30:59 Χ΋ org.apache.catalina.startup.VersionLoggerListener log
INFO: CATALINA_BASE:         C:/Users/Mantas/Desktop/tomcat/apache-tomcat-7.0.82-windows-x64/apache-tomcat-7.0.82
12 17, 2017 6:30:59 Χ΋ org.apache.catalina.startup.VersionLoggerListener log
INFO: CATALINA_HOME:         C:/Users/Mantas/Desktop/tomcat/apache-tomcat-7.0.82-windows-x64/apache-tomcat-7.0.82
12 17, 2017 6:30:59 Χ΋ org.apache.catalina.startup.VersionLoggerListener log
INFO: Command line argument: -Djava.util.logging.config.file=C:/Users/Mantas/Desktop/tomcat/apache-tomcat-7.0.82-windows-x64/apache-tomcat-7.0.82/conf/logging.properties
12 17, 2017 6:30:59 Χ΋ org.apache.catalina.startup.VersionLoggerListener log
INFO: Command line argument: -Djava.util.logging.manager=org.apache.juli.ClassLoaderLogManager
12 17, 2017 6:30:59 Χ΋ org.apache.catalina.startup.VersionLoggerListener log
INFO: Command line argument: -Djdk.tls.ephemeralDHKeySize=2048
12 17, 2017 6:30:59 Χ΋ org.apache.catalina.startup.VersionLoggerListener log
INFO: Command line argument: -Djava.endorsed.dirs=C:/Users/Mantas/Desktop/tomcat/apache-tomcat-7.0.82-windows-x64/apache-tomcat-7.0.82/endorsed
12 17, 2017 6:30:59 Χ΋ org.apache.catalina.startup.VersionLoggerListener log
INFO: Command line argument: -Dcatalina.base=C:/Users/Mantas/Desktop/tomcat/apache-tomcat-7.0.82-windows-x64/apache-tomcat-7.0.82
12 17, 2017 6:30:59 Χ΋ org.apache.catalina.startup.VersionLoggerListener log
INFO: Command line argument: -Dcatalina.home=C:/Users/Mantas/Desktop/tomcat/apache-tomcat-7.0.82-windows-x64/apache-tomcat-7.0.82
12 17, 2017 6:30:59 Χ΋ org.apache.catalina.startup.VersionLoggerListener log
INFO: Command line argument: -Djava.io.tmpdir=C:/Users/Mantas/Desktop/tomcat/apache-tomcat-7.0.82-windows-x64/apache-tomcat-7.0.82/temp
12 17, 2017 6:30:59 Χ΋ org.apache.catalina.core.AprLifecycleListener lifecycleEvent
INFO: Loaded APR based Apache Tomcat Native library 1.2.14 using APR version 1.6.2.
12 17, 2017 6:30:59 Χ΋ org.apache.catalina.core.AprLifecycleListener lifecycleEvent
INFO: APR capabilities: IPv6 [true], sendfile [true], accept filters [false], random [true].
12 17, 2017 6:30:59 Χ΋ org.apache.catalina.core.AprLifecycleListener initializeSSL
INFO: OpenSSL successfully initialized (OpenSSL 1.0.2l  25 May 2017)
12 17, 2017 6:30:59 Χ΋ org.apache.coyote.AbstractProtocol init
INFO: Initializing ProtocolHandler ["http-apr-8080"]
12 17, 2017 6:30:59 Χ΋ org.apache.coyote.AbstractProtocol init
INFO: Initializing ProtocolHandler ["ajp-apr-8009"]
12 17, 2017 6:30:59 Χ΋ org.apache.catalina.startup.Catalina load
INFO: Initialization processed in 1107 ms
12 17, 2017 6:30:59 Χ΋ org.apache.catalina.core.StandardService startInternal
INFO: Starting service Catalina
12 17, 2017 6:30:59 Χ΋ org.apache.catalina.core.StandardEngine startInternal
INFO: Starting Servlet Engine: Apache Tomcat/7.0.82
12 17, 2017 6:30:59 Χ΋ org.apache.catalina.startup.HostConfig deployDirectory
INFO: Deploying web application directory C:\Users\Mantas\Desktop\tomcat\apache-tomcat-7.0.82-windows-x64\apache-tomcat-7.0.82\webapps\docs
12 17, 2017 6:31:00 Χ΋ org.apache.catalina.startup.HostConfig deployDirectory
INFO: Deployment of web application directory C:\Users\Mantas\Desktop\tomcat\apache-tomcat-7.0.82-windows-x64\apache-tomcat-7.0.82\webapps\docs has finished in 337 ms
12 17, 2017 6:31:00 Χ΋ org.apache.catalina.startup.HostConfig deployDirectory
INFO: Deploying web application directory C:\Users\Mantas\Desktop\tomcat\apache-tomcat-7.0.82-windows-x64\apache-tomcat-7.0.82\webapps\examples
12 17, 2017 6:31:00 Χ΋ org.apache.catalina.startup.HostConfig deployDirectory
INFO: Deployment of web application directory C:\Users\Mantas\Desktop\tomcat\apache-tomcat-7.0.82-windows-x64\apache-tomcat-7.0.82\webapps\examples has finished in 275 ms
12 17, 2017 6:31:00 Χ΋ org.apache.catalina.startup.HostConfig deployDirectory
INFO: Deploying web application directory C:\Users\Mantas\Desktop\tomcat\apache-tomcat-7.0.82-windows-x64\apache-tomcat-7.0.82\webapps\host-manager
12 17, 2017 6:31:00 Χ΋ org.apache.catalina.startup.HostConfig deployDirectory
INFO: Deployment of web application directory C:\Users\Mantas\Desktop\tomcat\apache-tomcat-7.0.82-windows-x64\apache-tomcat-7.0.82\webapps\host-manager has finished in 127 ms
12 17, 2017 6:31:00 Χ΋ org.apache.catalina.startup.HostConfig deployDirectory
INFO: Deploying web application directory C:\Users\Mantas\Desktop\tomcat\apache-tomcat-7.0.82-windows-x64\apache-tomcat-7.0.82\webapps\manager
12 17, 2017 6:31:00 Χ΋ org.apache.catalina.startup.HostConfig deployDirectory
INFO: Deployment of web application directory C:\Users\Mantas\Desktop\tomcat\apache-tomcat-7.0.82-windows-x64\apache-tomcat-7.0.82\webapps\manager has finished in 57 ms
12 17, 2017 6:31:00 Χ΋ org.apache.catalina.startup.HostConfig deployDirectory
INFO: Deploying web application directory C:\Users\Mantas\Desktop\tomcat\apache-tomcat-7.0.82-windows-x64\apache-tomcat-7.0.82\webapps\ROOT
12 17, 2017 6:31:00 Χ΋ org.apache.catalina.startup.HostConfig deployDirectory
INFO: Deployment of web application directory C:\Users\Mantas\Desktop\tomcat\apache-tomcat-7.0.82-windows-x64\apache-tomcat-7.0.82\webapps\ROOT has finished in 36 ms
12 17, 2017 6:31:00 Χ΋ org.apache.coyote.AbstractProtocol start
INFO: Starting ProtocolHandler ["http-apr-8080"]
12 17, 2017 6:31:00 Χ΋ org.apache.coyote.AbstractProtocol start
INFO: Starting ProtocolHandler ["ajp-apr-8009"]
12 17, 2017 6:31:00 Χ΋ org.apache.catalina.startup.Catalina start
INFO: Server startup in 886 ms
12 17, 2017 7:10:41 Χ΋ org.apache.catalina.core.StandardServer await
INFO: A valid shutdown command was received via the shutdown port. Stopping the Server instance.
12 17, 2017 7:10:41 Χ΋ org.apache.coyote.AbstractProtocol pause
INFO: Pausing ProtocolHandler ["http-apr-8080"]
12 17, 2017 7:10:41 Χ΋ org.apache.coyote.AbstractProtocol pause
INFO: Pausing ProtocolHandler ["ajp-apr-8009"]
12 17, 2017 7:10:41 Χ΋ org.apache.catalina.core.StandardService stopInternal
INFO: Stopping service Catalina
12 17, 2017 7:10:41 Χ΋ org.apache.coyote.AbstractProtocol stop
INFO: Stopping ProtocolHandler ["http-apr-8080"]
12 17, 2017 7:10:41 Χ΋ org.apache.coyote.AbstractProtocol stop
INFO: Stopping ProtocolHandler ["ajp-apr-8009"]
12 17, 2017 7:10:42 Χ΋ org.apache.coyote.AbstractProtocol destroy
INFO: Destroying ProtocolHandler ["http-apr-8080"]
12 17, 2017 7:10:42 Χ΋ org.apache.coyote.AbstractProtocol destroy
INFO: Destroying ProtocolHandler ["ajp-apr-8009"]
12 17, 2017 7:11:06 Χ΋ org.apache.catalina.startup.VersionLoggerListener log
INFO: Server version:        Apache Tomcat/7.0.82
12 17, 2017 7:11:06 Χ΋ org.apache.catalina.startup.VersionLoggerListener log
INFO: Server built:          Sep 29 2017 12:23:15 UTC
12 17, 2017 7:11:06 Χ΋ org.apache.catalina.startup.VersionLoggerListener log
INFO: Server number:         7.0.82.0
12 17, 2017 7:11:06 Χ΋ org.apache.catalina.startup.VersionLoggerListener log
INFO: OS Name:               Windows 8.1
12 17, 2017 7:11:06 Χ΋ org.apache.catalina.startup.VersionLoggerListener log
INFO: OS Version:            6.3
12 17, 2017 7:11:06 Χ΋ org.apache.catalina.startup.VersionLoggerListener log
INFO: Architecture:          amd64
12 17, 2017 7:11:06 Χ΋ org.apache.catalina.startup.VersionLoggerListener log
INFO: Java Home:             C:\Program Files\Java\jdk1.8.0_11\jre
12 17, 2017 7:11:06 Χ΋ org.apache.catalina.startup.VersionLoggerListener log
INFO: JVM Version:           1.8.0_11-b12
12 17, 2017 7:11:06 Χ΋ org.apache.catalina.startup.VersionLoggerListener log
INFO: JVM Vendor:            Oracle Corporation
12 17, 2017 7:11:06 Χ΋ org.apache.catalina.startup.VersionLoggerListener log
INFO: CATALINA_BASE:         C:/Users/Mantas/Desktop/tomcat/apache-tomcat-7.0.82-windows-x64/apache-tomcat-7.0.82
12 17, 2017 7:11:06 Χ΋ org.apache.catalina.startup.VersionLoggerListener log
INFO: CATALINA_HOME:         C:/Users/Mantas/Desktop/tomcat/apache-tomcat-7.0.82-windows-x64/apache-tomcat-7.0.82
12 17, 2017 7:11:06 Χ΋ org.apache.catalina.startup.VersionLoggerListener log
INFO: Command line argument: -Djava.util.logging.config.file=C:/Users/Mantas/Desktop/tomcat/apache-tomcat-7.0.82-windows-x64/apache-tomcat-7.0.82/conf/logging.properties
12 17, 2017 7:11:06 Χ΋ org.apache.catalina.startup.VersionLoggerListener log
INFO: Command line argument: -Djava.util.logging.manager=org.apache.juli.ClassLoaderLogManager
12 17, 2017 7:11:06 Χ΋ org.apache.catalina.startup.VersionLoggerListener log
INFO: Command line argument: -Djdk.tls.ephemeralDHKeySize=2048
12 17, 2017 7:11:06 Χ΋ org.apache.catalina.startup.VersionLoggerListener log
INFO: Command line argument: -Djava.endorsed.dirs=C:/Users/Mantas/Desktop/tomcat/apache-tomcat-7.0.82-windows-x64/apache-tomcat-7.0.82/endorsed
12 17, 2017 7:11:06 Χ΋ org.apache.catalina.startup.VersionLoggerListener log
INFO: Command line argument: -Dcatalina.base=C:/Users/Mantas/Desktop/tomcat/apache-tomcat-7.0.82-windows-x64/apache-tomcat-7.0.82
12 17, 2017 7:11:06 Χ΋ org.apache.catalina.startup.VersionLoggerListener log
INFO: Command line argument: -Dcatalina.home=C:/Users/Mantas/Desktop/tomcat/apache-tomcat-7.0.82-windows-x64/apache-tomcat-7.0.82
12 17, 2017 7:11:06 Χ΋ org.apache.catalina.startup.VersionLoggerListener log
INFO: Command line argument: -Djava.io.tmpdir=C:/Users/Mantas/Desktop/tomcat/apache-tomcat-7.0.82-windows-x64/apache-tomcat-7.0.82/temp
12 17, 2017 7:11:06 Χ΋ org.apache.catalina.core.AprLifecycleListener lifecycleEvent
INFO: Loaded APR based Apache Tomcat Native library 1.2.14 using APR version 1.6.2.
12 17, 2017 7:11:06 Χ΋ org.apache.catalina.core.AprLifecycleListener lifecycleEvent
INFO: APR capabilities: IPv6 [true], sendfile [true], accept filters [false], random [true].
12 17, 2017 7:11:06 Χ΋ org.apache.catalina.core.AprLifecycleListener initializeSSL
INFO: OpenSSL successfully initialized (OpenSSL 1.0.2l  25 May 2017)
12 17, 2017 7:11:06 Χ΋ org.apache.coyote.AbstractProtocol init
INFO: Initializing ProtocolHandler ["http-apr-8080"]
12 17, 2017 7:11:06 Χ΋ org.apache.coyote.AbstractProtocol init
INFO: Initializing ProtocolHandler ["ajp-apr-8009"]
12 17, 2017 7:11:06 Χ΋ org.apache.catalina.startup.Catalina load
INFO: Initialization processed in 1165 ms
12 17, 2017 7:11:06 Χ΋ org.apache.catalina.core.StandardService startInternal
INFO: Starting service Catalina
12 17, 2017 7:11:06 Χ΋ org.apache.catalina.core.StandardEngine startInternal
INFO: Starting Servlet Engine: Apache Tomcat/7.0.82
12 17, 2017 7:11:06 Χ΋ org.apache.catalina.startup.HostConfig deployDirectory
INFO: Deploying web application directory C:\Users\Mantas\Desktop\tomcat\apache-tomcat-7.0.82-windows-x64\apache-tomcat-7.0.82\webapps\docs
12 17, 2017 7:11:07 Χ΋ org.apache.catalina.startup.HostConfig deployDirectory
INFO: Deployment of web application directory C:\Users\Mantas\Desktop\tomcat\apache-tomcat-7.0.82-windows-x64\apache-tomcat-7.0.82\webapps\docs has finished in 331 ms
12 17, 2017 7:11:07 Χ΋ org.apache.catalina.startup.HostConfig deployDirectory
INFO: Deploying web application directory C:\Users\Mantas\Desktop\tomcat\apache-tomcat-7.0.82-windows-x64\apache-tomcat-7.0.82\webapps\examples
12 17, 2017 7:11:07 Χ΋ org.apache.catalina.startup.HostConfig deployDirectory
INFO: Deployment of web application directory C:\Users\Mantas\Desktop\tomcat\apache-tomcat-7.0.82-windows-x64\apache-tomcat-7.0.82\webapps\examples has finished in 255 ms
12 17, 2017 7:11:07 Χ΋ org.apache.catalina.startup.HostConfig deployDirectory
INFO: Deploying web application directory C:\Users\Mantas\Desktop\tomcat\apache-tomcat-7.0.82-windows-x64\apache-tomcat-7.0.82\webapps\host-manager
12 17, 2017 7:11:07 Χ΋ org.apache.catalina.startup.HostConfig deployDirectory
INFO: Deployment of web application directory C:\Users\Mantas\Desktop\tomcat\apache-tomcat-7.0.82-windows-x64\apache-tomcat-7.0.82\webapps\host-manager has finished in 118 ms
12 17, 2017 7:11:07 Χ΋ org.apache.catalina.startup.HostConfig deployDirectory
INFO: Deploying web application directory C:\Users\Mantas\Desktop\tomcat\apache-tomcat-7.0.82-windows-x64\apache-tomcat-7.0.82\webapps\manager
12 17, 2017 7:11:07 Χ΋ org.apache.catalina.startup.HostConfig deployDirectory
INFO: Deployment of web application directory C:\Users\Mantas\Desktop\tomcat\apache-tomcat-7.0.82-windows-x64\apache-tomcat-7.0.82\webapps\manager has finished in 57 ms
12 17, 2017 7:11:07 Χ΋ org.apache.catalina.startup.HostConfig deployDirectory
INFO: Deploying web application directory C:\Users\Mantas\Desktop\tomcat\apache-tomcat-7.0.82-windows-x64\apache-tomcat-7.0.82\webapps\ROOT
12 17, 2017 7:11:07 Χ΋ org.apache.catalina.startup.HostConfig deployDirectory
INFO: Deployment of web application directory C:\Users\Mantas\Desktop\tomcat\apache-tomcat-7.0.82-windows-x64\apache-tomcat-7.0.82\webapps\ROOT has finished in 45 ms
12 17, 2017 7:11:07 Χ΋ org.apache.coyote.AbstractProtocol start
INFO: Starting ProtocolHandler ["http-apr-8080"]
12 17, 2017 7:11:07 Χ΋ org.apache.coyote.AbstractProtocol start
INFO: Starting ProtocolHandler ["ajp-apr-8009"]
12 17, 2017 7:11:07 Χ΋ org.apache.catalina.startup.Catalina start
INFO: Server startup in 871 ms
12 17, 2017 7:11:28 Χ΋ org.apache.catalina.startup.HostConfig deployWAR
INFO: Deploying web application archive C:\Users\Mantas\Desktop\tomcat\apache-tomcat-7.0.82-windows-x64\apache-tomcat-7.0.82\webapps\6-sample.war
12 17, 2017 7:11:28 Χ΋ org.apache.catalina.startup.HostConfig deployWAR
INFO: Deployment of web application archive C:\Users\Mantas\Desktop\tomcat\apache-tomcat-7.0.82-windows-x64\apache-tomcat-7.0.82\webapps\6-sample.war has finished in 67 ms
12 17, 2017 7:12:22 Χ΋ org.apache.catalina.startup.HostConfig undeploy
INFO: Undeploying context [/6-sample]
12 17, 2017 7:18:35 Χ΋ org.apache.catalina.core.StandardServer await
INFO: A valid shutdown command was received via the shutdown port. Stopping the Server instance.
12 17, 2017 7:18:35 Χ΋ org.apache.coyote.AbstractProtocol pause
INFO: Pausing ProtocolHandler ["http-apr-8080"]
12 17, 2017 7:18:35 Χ΋ org.apache.coyote.AbstractProtocol pause
INFO: Pausing ProtocolHandler ["ajp-apr-8009"]
12 17, 2017 7:18:35 Χ΋ org.apache.catalina.core.StandardService stopInternal
INFO: Stopping service Catalina
12 17, 2017 7:18:35 Χ΋ org.apache.coyote.AbstractProtocol stop
INFO: Stopping ProtocolHandler ["http-apr-8080"]
12 17, 2017 7:18:35 Χ΋ org.apache.coyote.AbstractProtocol stop
INFO: Stopping ProtocolHandler ["ajp-apr-8009"]
12 17, 2017 7:18:35 Χ΋ org.apache.coyote.AbstractProtocol destroy
INFO: Destroying ProtocolHandler ["http-apr-8080"]
12 17, 2017 7:18:35 Χ΋ org.apache.coyote.AbstractProtocol destroy
INFO: Destroying ProtocolHandler ["ajp-apr-8009"]
