12 17, 2017 6:31:07 Χ΋ org.apache.catalina.core.ApplicationContext log
INFO: HTMLManager: init: Associated with Deployer 'Catalina:type=Deployer,host=localhost'
12 17, 2017 6:31:07 Χ΋ org.apache.catalina.core.ApplicationContext log
INFO: HTMLManager: init: Global resources are available
12 17, 2017 6:31:07 Χ΋ org.apache.catalina.core.ApplicationContext log
INFO: HTMLManager: list: Listing contexts for virtual host 'localhost'
12 17, 2017 7:11:17 Χ΋ org.apache.catalina.core.ApplicationContext log
INFO: HTMLManager: init: Associated with Deployer 'Catalina:type=Deployer,host=localhost'
12 17, 2017 7:11:17 Χ΋ org.apache.catalina.core.ApplicationContext log
INFO: HTMLManager: init: Global resources are available
12 17, 2017 7:11:17 Χ΋ org.apache.catalina.core.ApplicationContext log
INFO: HTMLManager: list: Listing contexts for virtual host 'localhost'
12 17, 2017 7:11:20 Χ΋ org.apache.catalina.core.ApplicationContext log
INFO: HTMLManager: list: Listing contexts for virtual host 'localhost'
12 17, 2017 7:11:28 Χ΋ org.apache.catalina.core.ApplicationContext log
INFO: HTMLManager: list: Listing contexts for virtual host 'localhost'
12 17, 2017 7:11:50 Χ΋ org.apache.catalina.core.ApplicationContext log
INFO: HTMLManager: stop: Stopping web application '/6-sample'
12 17, 2017 7:11:50 Χ΋ org.apache.catalina.core.ApplicationContext log
INFO: HTMLManager: list: Listing contexts for virtual host 'localhost'
12 17, 2017 7:11:56 Χ΋ org.apache.catalina.core.ApplicationContext log
INFO: HTMLManager: start: Starting web application '/6-sample'
12 17, 2017 7:11:56 Χ΋ org.apache.catalina.core.ApplicationContext log
INFO: HTMLManager: list: Listing contexts for virtual host 'localhost'
12 17, 2017 7:12:22 Χ΋ org.apache.catalina.core.ApplicationContext log
INFO: HTMLManager: undeploy: Undeploying web application at '/6-sample'
12 17, 2017 7:12:22 Χ΋ org.apache.catalina.core.ApplicationContext log
INFO: HTMLManager: list: Listing contexts for virtual host 'localhost'
